\BOOKMARK [1][-]{section.1}{Background Theory}{}% 1
\BOOKMARK [2][-]{subsection.1.1}{Introduction}{section.1}% 2
\BOOKMARK [2][-]{subsection.1.2}{Probability Theory}{section.1}% 3
\BOOKMARK [3][-]{subsubsection.1.2.1}{Discrete Random Variables}{subsection.1.2}% 4
\BOOKMARK [3][-]{subsubsection.1.2.2}{Fundamental Rules}{subsection.1.2}% 5
\BOOKMARK [3][-]{subsubsection.1.2.3}{Continuous Random Variables}{subsection.1.2}% 6
\BOOKMARK [3][-]{subsubsection.1.2.4}{Mean and Variance}{subsection.1.2}% 7
\BOOKMARK [3][-]{subsubsection.1.2.5}{The Binomial Distribution}{subsection.1.2}% 8
\BOOKMARK [3][-]{subsubsection.1.2.6}{Gaussian Distribution}{subsection.1.2}% 9
\BOOKMARK [2][-]{subsection.1.3}{Linear Algebra}{section.1}% 10
\BOOKMARK [3][-]{subsubsection.1.3.1}{Relevant Special Matrices}{subsection.1.3}% 11
\BOOKMARK [3][-]{subsubsection.1.3.2}{The Cholesky Decomposition}{subsection.1.3}% 12
\BOOKMARK [0][-]{part.1}{I Linear Regression}{}% 13
\BOOKMARK [1][-]{section.2}{Introduction}{part.1}% 14
\BOOKMARK [1][-]{section.3}{Simple Linear Regression}{part.1}% 15
\BOOKMARK [1][-]{section.4}{Multiple Linear Regression}{part.1}% 16
\BOOKMARK [2][-]{subsection.4.1}{Model Specification}{section.4}% 17
\BOOKMARK [2][-]{subsection.4.2}{Maximum Likelihood Estimation/Least Squares}{section.4}% 18
\BOOKMARK [3][-]{subsubsection.4.2.1}{Method of Least Squares}{subsection.4.2}% 19
\BOOKMARK [0][-]{part.2}{II Gaussian Processes}{}% 20
\BOOKMARK [1][-]{section.5}{Introduction}{part.2}% 21
